<?xml version="1.0" encoding="UTF-8"?>
<!-- Generated by org.testng.reporters.JUnitXMLReporter -->
<testsuite hostname="IN-L1347" ignored="0" name="ThroughMaven" tests="11" failures="11" timestamp="13 Dec 2017 15:28:27 GMT" time="13.547" errors="0">
  <testcase name="login" time="0.063" classname="com.edureka.test.DataProviderTest">
    <failure type="java.lang.NullPointerException">
      <![CDATA[java.lang.NullPointerExceptionat com.edureka.pages.HomePage.enterUserName(HomePage.java:52)at com.edureka.test.DataProviderTest.login(DataProviderTest.java:24)... Removed 25 stack frames]]>
    </failure>
  </testcase> <!-- login -->
  <testcase name="login" time="0.001" classname="com.edureka.test.DataProviderTest">
    <failure type="java.lang.NullPointerException">
      <![CDATA[java.lang.NullPointerExceptionat com.edureka.pages.HomePage.enterUserName(HomePage.java:52)at com.edureka.test.DataProviderTest.login(DataProviderTest.java:24)... Removed 25 stack frames]]>
    </failure>
  </testcase> <!-- login -->
  <testcase name="login" time="0.004" classname="com.edureka.test.DataProviderTest">
    <failure type="java.lang.NullPointerException">
      <![CDATA[java.lang.NullPointerExceptionat com.edureka.pages.HomePage.enterUserName(HomePage.java:52)at com.edureka.test.DataProviderTest.login(DataProviderTest.java:24)... Removed 25 stack frames]]>
    </failure>
  </testcase> <!-- login -->
  <testcase name="login" time="0.003" classname="com.edureka.test.DataProviderTest">
    <failure type="java.lang.NullPointerException">
      <![CDATA[java.lang.NullPointerExceptionat com.edureka.pages.HomePage.enterUserName(HomePage.java:52)at com.edureka.test.DataProviderTest.login(DataProviderTest.java:24)... Removed 25 stack frames]]>
    </failure>
  </testcase> <!-- login -->
  <testcase name="login" time="0.002" classname="com.edureka.test.DataProviderTest">
    <failure type="java.lang.NullPointerException">
      <![CDATA[java.lang.NullPointerExceptionat com.edureka.pages.HomePage.enterUserName(HomePage.java:52)at com.edureka.test.DataProviderTest.login(DataProviderTest.java:24)... Removed 25 stack frames]]>
    </failure>
  </testcase> <!-- login -->
  <testcase name="login" time="0.002" classname="com.edureka.test.DataProviderTest">
    <failure type="java.lang.NullPointerException">
      <![CDATA[java.lang.NullPointerExceptionat com.edureka.pages.HomePage.enterUserName(HomePage.java:52)at com.edureka.test.DataProviderTest.login(DataProviderTest.java:24)... Removed 25 stack frames]]>
    </failure>
  </testcase> <!-- login -->
  <testcase name="login" time="0.002" classname="com.edureka.test.DataProviderTest">
    <failure type="java.lang.NullPointerException">
      <![CDATA[java.lang.NullPointerExceptionat com.edureka.pages.HomePage.enterUserName(HomePage.java:52)at com.edureka.test.DataProviderTest.login(DataProviderTest.java:24)... Removed 25 stack frames]]>
    </failure>
  </testcase> <!-- login -->
  <testcase name="login" time="0.002" classname="com.edureka.test.DataProviderTest">
    <failure type="java.lang.NullPointerException">
      <![CDATA[java.lang.NullPointerExceptionat com.edureka.pages.HomePage.enterUserName(HomePage.java:52)at com.edureka.test.DataProviderTest.login(DataProviderTest.java:24)... Removed 25 stack frames]]>
    </failure>
  </testcase> <!-- login -->
  <testcase name="login" time="0.002" classname="com.edureka.test.DataProviderTest">
    <failure type="java.lang.NullPointerException">
      <![CDATA[java.lang.NullPointerExceptionat com.edureka.pages.HomePage.enterUserName(HomePage.java:52)at com.edureka.test.DataProviderTest.login(DataProviderTest.java:24)... Removed 25 stack frames]]>
    </failure>
  </testcase> <!-- login -->
  <testcase name="login" time="0.001" classname="com.edureka.test.DataProviderTest">
    <failure type="java.lang.NullPointerException">
      <![CDATA[java.lang.NullPointerExceptionat com.edureka.pages.HomePage.enterUserName(HomePage.java:52)at com.edureka.test.DataProviderTest.login(DataProviderTest.java:24)... Removed 25 stack frames]]>
    </failure>
  </testcase> <!-- login -->
  <testcase name="login" time="0.001" classname="com.edureka.test.DataProviderTest">
    <failure type="java.lang.NullPointerException">
      <![CDATA[java.lang.NullPointerExceptionat com.edureka.pages.HomePage.enterUserName(HomePage.java:52)at com.edureka.test.DataProviderTest.login(DataProviderTest.java:24)... Removed 25 stack frames]]>
    </failure>
  </testcase> <!-- login -->
</testsuite> <!-- ThroughMaven -->
